12:59:00 **** Incremental Build of configuration Debug for project Lib_CMSISv1p30_LPC17xx ****
make all 
Building file: ../src/._core_cm3.c
Invoking: MCU C Compiler
arm-none-eabi-gcc -DDEBUG -D__CODE_RED -D__REDLIB__ -I"C:\Users\patricia\Documents\LPCXpresso_6.1.4_194\workspace2\Lib_CMSISv1p30_LPC17xx\inc" -O0 -g3 -Wall -c -fmessage-length=0 -fno-builtin -ffunction-sections -mcpu=cortex-m3 -mthumb -MMD -MP -MF"src/._core_cm3.d" -MT"src/._core_cm3.d" -o "src/._core_cm3.o" "../src/._core_cm3.c"
../src/._core_cm3.c:1:1: warning: null character(s) ignored [enabled by default]
../src/._core_cm3.c:1:2: error: stray '\5' in program
../src/._core_cm3.c:1:2: error: stray '\26' in program
../src/._core_cm3.c:1:2: error: stray '\7' in program
../src/._core_cm3.c:1:5: warning: null character(s) ignored [enabled by default]
../src/._core_cm3.c:1:2: error: stray '\2' in program
../src/._core_cm3.c:1:7: warning: null character(s) ignored [enabled by default]
../src/._core_cm3.c:1:9: error: unknown type name 'Mac'
../src/._core_cm3.c:1:16: error: expected '=', ',', ';', 'asm' or '__attribute__' before 'X'
../src/._core_cm3.c:1:17: warning: null character(s) ignored [enabled by default]
../src/._core_cm3.c:1:16: error: stray '\2' in program
../src/._core_cm3.c:1:27: warning: null character(s) ignored [enabled by default]
../src/._core_cm3.c:1:35: warning: null character(s) ignored [enabled by default]
../src/._core_cm3.c:1:16: error: stray '\16' in program
../src/._core_cm3.c:1:16: error: stray '\260' in program
../src/._core_cm3.c:1:39: warning: null character(s) ignored [enabled by default]
../src/._core_cm3.c:1:16: error: stray '\2' in program
../src/._core_cm3.c:1:43: warning: null character(s) ignored [enabled by default]
../src/._core_cm3.c:1:16: error: stray '\16' in program
../src/._core_cm3.c:1:16: error: stray '\342' in program
../src/._core_cm3.c:1:47: warning: null character(s) ignored [enabled by default]
../src/._core_cm3.c:1:16: error: stray '\1' in program
../src/._core_cm3.c:1:16: error: stray '\36' in program
../src/._core_cm3.c:1:51: warning: null character(s) ignored [enabled by default]
../src/._core_cm3.c:1:16: error: stray '\232' in program
../src/._core_cm3.c:1:16: error: stray '\311' in program
../src/._core_cm3.c:1:16: error: stray '\377' in program
../src/._core_cm3.c:1:93: warning: null character(s) ignored [enabled by default]
../src/._core_cm3.c:1:16: error: stray '\16' in program
../src/._core_cm3.c:1:16: error: stray '\342' in program
../src/._core_cm3.c:1:97: warning: null character(s) ignored [enabled by default]
../src/._core_cm3.c:1:16: error: stray '\230' in program
../src/._core_cm3.c:1:101: warning: null character(s) ignored [enabled by default]
../src/._core_cm3.c:1:104: error: expected identifier or '(' before '.' token
../src/._core_cm3.c:1:105: warning: null character(s) ignored [enabled by default]
../src/._core_cm3.c:1:104: error: stray '\1' in program
../src/._core_cm3.c:1:121: warning: null character(s) ignored [enabled by default]
../src/._core_cm3.c:1:104: error: stray '\230' in program
../src/._core_cm3.c:1:125: warning: null character(s) ignored [enabled by default]
../src/._core_cm3.c:1:129: warning: null character(s) ignored [enabled by default]
../src/._core_cm3.c:1:104: error: stray '\25' in program
../src/._core_cm3.c:1:152: warning: null character(s) ignored [enabled by default]
../src/._core_cm3.c:1:158: error: invalid suffix "d2d072f" on integer constant
../src/._core_cm3.c:1:158: error: expected identifier or '(' before numeric constant
../src/._core_cm3.c:1:174: error: expected '=', ',', ';', 'asm' or '__attribute__' before '.' token
../src/._core_cm3.c:1:179: error: expected identifier or '(' before '|' token
../src/._core_cm3.c:1:199: warning: null character(s) ignored [enabled by default]
../src/._core_cm3.c:1:179: error: stray '\1' in program
../src/._core_cm3.c:1:3814: warning: null character(s) ignored [enabled by default]
../src/._core_cm3.c:1:179: error: stray '\1' in program
../src/._core_cm3.c:1:3818: warning: null character(s) ignored [enabled by default]
../src/._core_cm3.c:1:179: error: stray '\36' in program
../src/._core_cm3.c:1:3870: warning: null character(s) ignored [enabled by default]
../src/._core_cm3.c:1:179: error: stray '\1' in program
../src/._core_cm3.c:1:4070: warning: null character(s) ignored [enabled by default]
../src/._core_cm3.c:1:179: error: stray '\1' in program
../src/._core_cm3.c:1:4074: warning: null character(s) ignored [enabled by default]
../src/._core_cm3.c:1:179: error: stray '\36' in program
../src/._core_cm3.c:1:4083: warning: null character(s) ignored [enabled by default]
../src/._core_cm3.c:1:179: error: stray '\34' in program
../src/._core_cm3.c:1:4093: warning: null character(s) ignored [enabled by default]
../src/._core_cm3.c:1:179: error: stray '\36' in program
../src/._core_cm3.c:1:179: error: stray '\377' in program
../src/._core_cm3.c:1:179: error: stray '\377' in program
make: *** [src/._core_cm3.o] Error 1

12:59:00 Build Finished (took 352ms)

